0 info it worked if it ends with ok
1 verbose cli [ 'C:\\Program Files\\nodejs\\node.exe',
1 verbose cli   'C:\\Program Files\\nodejs\\node_modules\\npm\\bin\\npm-cli.js',
1 verbose cli   'run',
1 verbose cli   'test' ]
2 info using npm@3.10.10
3 info using node@v6.11.3
4 verbose run-script [ 'pretest', 'test', 'posttest' ]
5 info lifecycle 9030-converter@1.0.0~pretest: 9030-converter@1.0.0
6 silly lifecycle 9030-converter@1.0.0~pretest: no script for pretest, continuing
7 info lifecycle 9030-converter@1.0.0~test: 9030-converter@1.0.0
8 verbose lifecycle 9030-converter@1.0.0~test: unsafe-perm in lifecycle true
9 verbose lifecycle 9030-converter@1.0.0~test: PATH: C:\Program Files\nodejs\node_modules\npm\bin\node-gyp-bin;D:\Schule(HTL_Perg)\4BHIF\Mobile Computing\converter.spec.js\converter-quiz-4bhif-Grubchri\node_modules\.bin;C:\oraclexe\app\oracle\product\11.2.0\server\bin;C:\ProgramData\Oracle\Java\javapath;C:\WINDOWS\system32;C:\WINDOWS;C:\WINDOWS\System32\Wbem;C:\WINDOWS\System32\WindowsPowerShell\v1.0\;C:\Program Files (x86)\Windows Live\Shared;C:\Program Files (x86)\GtkSharp\2.12\bin;C:\WINDOWS\system32;C:\WINDOWS;C:\WINDOWS\System32\Wbem;C:\WINDOWS\System32\WindowsPowerShell\v1.0\;C:\Program Files (x86)\Assembler\nasm;C:\Program Files (x86)\Assembler\Golink;C:\Program Files (x86)\NVIDIA Corporation\PhysX\Common;C:\Program Files\nodejs\;C:\Program Files\Microsoft SQL Server\130\Tools\Binn\;C:\Program Files\dotnet\;C:\Program Files\Git\cmd;D:\Visual Studios\ProjektDiplomarbeit\opencv\build\x64\vc14\bin;C:\opencv\build\x64\vc14\bin;\bin;C:\Users\Grubchri\AppData\Local\Microsoft\WindowsApps;C:\Users\Grubchri\AppData\Roaming\npm;C:\Program Files\Microsoft VS Code\bin;C:\Users\Grubchri\AppData\Local\GitHubDesktop\bin
10 verbose lifecycle 9030-converter@1.0.0~test: CWD: D:\Schule(HTL_Perg)\4BHIF\Mobile Computing\converter.spec.js\converter-quiz-4bhif-Grubchri
11 silly lifecycle 9030-converter@1.0.0~test: Args: [ '/d /s /c', 'jasmine' ]
12 silly lifecycle 9030-converter@1.0.0~test: Returned: code: 1  signal: null
13 info lifecycle 9030-converter@1.0.0~test: Failed to exec test script
14 verbose stack Error: 9030-converter@1.0.0 test: `jasmine`
14 verbose stack Exit status 1
14 verbose stack     at EventEmitter.<anonymous> (C:\Program Files\nodejs\node_modules\npm\lib\utils\lifecycle.js:255:16)
14 verbose stack     at emitTwo (events.js:106:13)
14 verbose stack     at EventEmitter.emit (events.js:191:7)
14 verbose stack     at ChildProcess.<anonymous> (C:\Program Files\nodejs\node_modules\npm\lib\utils\spawn.js:40:14)
14 verbose stack     at emitTwo (events.js:106:13)
14 verbose stack     at ChildProcess.emit (events.js:191:7)
14 verbose stack     at maybeClose (internal/child_process.js:920:16)
14 verbose stack     at Process.ChildProcess._handle.onexit (internal/child_process.js:230:5)
15 verbose pkgid 9030-converter@1.0.0
16 verbose cwd D:\Schule(HTL_Perg)\4BHIF\Mobile Computing\converter.spec.js\converter-quiz-4bhif-Grubchri
17 error Windows_NT 10.0.15063
18 error argv "C:\\Program Files\\nodejs\\node.exe" "C:\\Program Files\\nodejs\\node_modules\\npm\\bin\\npm-cli.js" "run" "test"
19 error node v6.11.3
20 error npm  v3.10.10
21 error code ELIFECYCLE
22 error 9030-converter@1.0.0 test: `jasmine`
22 error Exit status 1
23 error Failed at the 9030-converter@1.0.0 test script 'jasmine'.
23 error Make sure you have the latest version of node.js and npm installed.
23 error If you do, this is most likely a problem with the 9030-converter package,
23 error not with npm itself.
23 error Tell the author that this fails on your system:
23 error     jasmine
23 error You can get information on how to open an issue for this project with:
23 error     npm bugs 9030-converter
23 error Or if that isn't available, you can get their info via:
23 error     npm owner ls 9030-converter
23 error There is likely additional logging output above.
24 verbose exit [ 1, true ]
